
> criador-chaveiros@1.0.0 start
> node server.js

Servidor rodando em http://localhost:3000
Inicializando recursos...
Recursos prontos.
OpenSCAD Execution Error (STL): WARNING: Text_Height was assigned on line 20 of "1780697972807_csy7cq.scad" but was overwritten in file 1780697972807_csy7cq.scad, line 38
WARNING: Plate_Height was assigned on line 21 of "1780697972807_csy7cq.scad" but was overwritten in file 1780697972807_csy7cq.scad, line 39
WARNING: Border_Size was assigned on line 22 of "1780697972807_csy7cq.scad" but was overwritten in file 1780697972807_csy7cq.scad, line 40
WARNING: Hole_Radius was assigned on line 24 of "1780697972807_csy7cq.scad" but was overwritten in file 1780697972807_csy7cq.scad, line 43
WARNING: Ring_Offset was assigned on line 25 of "1780697972807_csy7cq.scad" but was overwritten in file 1780697972807_csy7cq.scad, line 44
WARNING: Hole_Height_Offset was assigned on line 26 of "1780697972807_csy7cq.scad" but was overwritten in file 1780697972807_csy7cq.scad, line 45
WARNING: Spacing_L2 was assigned on line 28 of "1780697972807_csy7cq.scad" but was overwritten in file 1780697972807_csy7cq.scad, line 48
WARNING: Spacing_L3 was assigned on line 29 of "1780697972807_csy7cq.scad" but was overwritten in file 1780697972807_csy7cq.scad, line 49
WARNING: Offset_L1 was assigned on line 31 of "1780697972807_csy7cq.scad" but was overwritten in file 1780697972807_csy7cq.scad, line 52
WARNING: Offset_L2 was assigned on line 32 of "1780697972807_csy7cq.scad" but was overwritten in file 1780697972807_csy7cq.scad, line 53
WARNING: Offset_L3 was assigned on line 33 of "1780697972807_csy7cq.scad" but was overwritten in file 1780697972807_csy7cq.scad, line 54
WARNING: $fn was assigned on line 35 of "1780697972807_csy7cq.scad" but was overwritten in file 1780697972807_csy7cq.scad, line 56
WARNING: Ignoring unknown variable 'Render_Part' in file 1780697972807_csy7cq.scad, line 59
WARNING: Ignoring unknown variable 'Render_Part' in file 1780697972807_csy7cq.scad, line 59
WARNING: Ignoring unknown variable 'Render_Part' in file 1780697972807_csy7cq.scad, line 62
WARNING: Ignoring unknown variable 'Render_Part' in file 1780697972807_csy7cq.scad, line 62
Geometries in cache: 1
Geometry cache size in bytes: 0
CGAL Polyhedrons in cache: 0
CGAL cache size in bytes: 0
Total rendering time: 0:00:00.000
Current top level object is empty.

OpenSCAD Execution Error (STL): WARNING: Text_Height was assigned on line 20 of "1780697980023_ou8hiv.scad" but was overwritten in file 1780697980023_ou8hiv.scad, line 38
WARNING: Plate_Height was assigned on line 21 of "1780697980023_ou8hiv.scad" but was overwritten in file 1780697980023_ou8hiv.scad, line 39
WARNING: Border_Size was assigned on line 22 of "1780697980023_ou8hiv.scad" but was overwritten in file 1780697980023_ou8hiv.scad, line 40
WARNING: Hole_Radius was assigned on line 24 of "1780697980023_ou8hiv.scad" but was overwritten in file 1780697980023_ou8hiv.scad, line 43
WARNING: Ring_Offset was assigned on line 25 of "1780697980023_ou8hiv.scad" but was overwritten in file 1780697980023_ou8hiv.scad, line 44
WARNING: Hole_Height_Offset was assigned on line 26 of "1780697980023_ou8hiv.scad" but was overwritten in file 1780697980023_ou8hiv.scad, line 45
WARNING: Spacing_L2 was assigned on line 28 of "1780697980023_ou8hiv.scad" but was overwritten in file 1780697980023_ou8hiv.scad, line 48
WARNING: Spacing_L3 was assigned on line 29 of "1780697980023_ou8hiv.scad" but was overwritten in file 1780697980023_ou8hiv.scad, line 49
WARNING: Offset_L1 was assigned on line 31 of "1780697980023_ou8hiv.scad" but was overwritten in file 1780697980023_ou8hiv.scad, line 52
WARNING: Offset_L2 was assigned on line 32 of "1780697980023_ou8hiv.scad" but was overwritten in file 1780697980023_ou8hiv.scad, line 53
WARNING: Offset_L3 was assigned on line 33 of "1780697980023_ou8hiv.scad" but was overwritten in file 1780697980023_ou8hiv.scad, line 54
WARNING: $fn was assigned on line 35 of "1780697980023_ou8hiv.scad" but was overwritten in file 1780697980023_ou8hiv.scad, line 56
WARNING: Ignoring unknown variable 'Render_Part' in file 1780697980023_ou8hiv.scad, line 59
WARNING: Ignoring unknown variable 'Render_Part' in file 1780697980023_ou8hiv.scad, line 59
WARNING: Ignoring unknown variable 'Render_Part' in file 1780697980023_ou8hiv.scad, line 62
WARNING: Ignoring unknown variable 'Render_Part' in file 1780697980023_ou8hiv.scad, line 62
Geometries in cache: 1
Geometry cache size in bytes: 0
CGAL Polyhedrons in cache: 0
CGAL cache size in bytes: 0
Total rendering time: 0:00:00.000
Current top level object is empty.

OpenSCAD Execution Error (STL): WARNING: Text_Height was assigned on line 20 of "1780697982512_dn2uby.scad" but was overwritten in file 1780697982512_dn2uby.scad, line 38
WARNING: Plate_Height was assigned on line 21 of "1780697982512_dn2uby.scad" but was overwritten in file 1780697982512_dn2uby.scad, line 39
WARNING: Border_Size was assigned on line 22 of "1780697982512_dn2uby.scad" but was overwritten in file 1780697982512_dn2uby.scad, line 40
WARNING: Hole_Radius was assigned on line 24 of "1780697982512_dn2uby.scad" but was overwritten in file 1780697982512_dn2uby.scad, line 43
WARNING: Ring_Offset was assigned on line 25 of "1780697982512_dn2uby.scad" but was overwritten in file 1780697982512_dn2uby.scad, line 44
WARNING: Hole_Height_Offset was assigned on line 26 of "1780697982512_dn2uby.scad" but was overwritten in file 1780697982512_dn2uby.scad, line 45
WARNING: Spacing_L2 was assigned on line 28 of "1780697982512_dn2uby.scad" but was overwritten in file 1780697982512_dn2uby.scad, line 48
WARNING: Spacing_L3 was assigned on line 29 of "1780697982512_dn2uby.scad" but was overwritten in file 1780697982512_dn2uby.scad, line 49
WARNING: Offset_L1 was assigned on line 31 of "1780697982512_dn2uby.scad" but was overwritten in file 1780697982512_dn2uby.scad, line 52
WARNING: Offset_L2 was assigned on line 32 of "1780697982512_dn2uby.scad" but was overwritten in file 1780697982512_dn2uby.scad, line 53
WARNING: Offset_L3 was assigned on line 33 of "1780697982512_dn2uby.scad" but was overwritten in file 1780697982512_dn2uby.scad, line 54
WARNING: $fn was assigned on line 35 of "1780697982512_dn2uby.scad" but was overwritten in file 1780697982512_dn2uby.scad, line 56
WARNING: Ignoring unknown variable 'Render_Part' in file 1780697982512_dn2uby.scad, line 59
WARNING: Ignoring unknown variable 'Render_Part' in file 1780697982512_dn2uby.scad, line 59
WARNING: Ignoring unknown variable 'Render_Part' in file 1780697982512_dn2uby.scad, line 62
WARNING: Ignoring unknown variable 'Render_Part' in file 1780697982512_dn2uby.scad, line 62
Geometries in cache: 1
Geometry cache size in bytes: 0
CGAL Polyhedrons in cache: 0
CGAL cache size in bytes: 0
Total rendering time: 0:00:00.001
Current top level object is empty.

OpenSCAD Execution Error (STL): WARNING: Text_Height was assigned on line 20 of "1780697992680_vyy37m.scad" but was overwritten in file 1780697992680_vyy37m.scad, line 38
WARNING: Plate_Height was assigned on line 21 of "1780697992680_vyy37m.scad" but was overwritten in file 1780697992680_vyy37m.scad, line 39
WARNING: Border_Size was assigned on line 22 of "1780697992680_vyy37m.scad" but was overwritten in file 1780697992680_vyy37m.scad, line 40
WARNING: Hole_Radius was assigned on line 24 of "1780697992680_vyy37m.scad" but was overwritten in file 1780697992680_vyy37m.scad, line 43
WARNING: Ring_Offset was assigned on line 25 of "1780697992680_vyy37m.scad" but was overwritten in file 1780697992680_vyy37m.scad, line 44
WARNING: Hole_Height_Offset was assigned on line 26 of "1780697992680_vyy37m.scad" but was overwritten in file 1780697992680_vyy37m.scad, line 45
WARNING: Spacing_L2 was assigned on line 28 of "1780697992680_vyy37m.scad" but was overwritten in file 1780697992680_vyy37m.scad, line 48
WARNING: Spacing_L3 was assigned on line 29 of "1780697992680_vyy37m.scad" but was overwritten in file 1780697992680_vyy37m.scad, line 49
WARNING: Offset_L1 was assigned on line 31 of "1780697992680_vyy37m.scad" but was overwritten in file 1780697992680_vyy37m.scad, line 52
WARNING: Offset_L2 was assigned on line 32 of "1780697992680_vyy37m.scad" but was overwritten in file 1780697992680_vyy37m.scad, line 53
WARNING: Offset_L3 was assigned on line 33 of "1780697992680_vyy37m.scad" but was overwritten in file 1780697992680_vyy37m.scad, line 54
WARNING: $fn was assigned on line 35 of "1780697992680_vyy37m.scad" but was overwritten in file 1780697992680_vyy37m.scad, line 56
WARNING: Ignoring unknown variable 'Render_Part' in file 1780697992680_vyy37m.scad, line 59
WARNING: Ignoring unknown variable 'Render_Part' in file 1780697992680_vyy37m.scad, line 59
WARNING: Ignoring unknown variable 'Render_Part' in file 1780697992680_vyy37m.scad, line 62
WARNING: Ignoring unknown variable 'Render_Part' in file 1780697992680_vyy37m.scad, line 62
Geometries in cache: 1
Geometry cache size in bytes: 0
CGAL Polyhedrons in cache: 0
CGAL cache size in bytes: 0
Total rendering time: 0:00:00.000
Current top level object is empty.

OpenSCAD Execution Error (STL): WARNING: Text_Height was assigned on line 20 of "1780698027050_sxu5cf.scad" but was overwritten in file 1780698027050_sxu5cf.scad, line 38
WARNING: Plate_Height was assigned on line 21 of "1780698027050_sxu5cf.scad" but was overwritten in file 1780698027050_sxu5cf.scad, line 39
WARNING: Border_Size was assigned on line 22 of "1780698027050_sxu5cf.scad" but was overwritten in file 1780698027050_sxu5cf.scad, line 40
WARNING: Hole_Radius was assigned on line 24 of "1780698027050_sxu5cf.scad" but was overwritten in file 1780698027050_sxu5cf.scad, line 43
WARNING: Ring_Offset was assigned on line 25 of "1780698027050_sxu5cf.scad" but was overwritten in file 1780698027050_sxu5cf.scad, line 44
WARNING: Hole_Height_Offset was assigned on line 26 of "1780698027050_sxu5cf.scad" but was overwritten in file 1780698027050_sxu5cf.scad, line 45
WARNING: Spacing_L2 was assigned on line 28 of "1780698027050_sxu5cf.scad" but was overwritten in file 1780698027050_sxu5cf.scad, line 48
WARNING: Spacing_L3 was assigned on line 29 of "1780698027050_sxu5cf.scad" but was overwritten in file 1780698027050_sxu5cf.scad, line 49
WARNING: Offset_L1 was assigned on line 31 of "1780698027050_sxu5cf.scad" but was overwritten in file 1780698027050_sxu5cf.scad, line 52
WARNING: Offset_L2 was assigned on line 32 of "1780698027050_sxu5cf.scad" but was overwritten in file 1780698027050_sxu5cf.scad, line 53
WARNING: Offset_L3 was assigned on line 33 of "1780698027050_sxu5cf.scad" but was overwritten in file 1780698027050_sxu5cf.scad, line 54
WARNING: $fn was assigned on line 35 of "1780698027050_sxu5cf.scad" but was overwritten in file 1780698027050_sxu5cf.scad, line 56
WARNING: Ignoring unknown variable 'Render_Part' in file 1780698027050_sxu5cf.scad, line 59
WARNING: Ignoring unknown variable 'Render_Part' in file 1780698027050_sxu5cf.scad, line 59
WARNING: Ignoring unknown variable 'Render_Part' in file 1780698027050_sxu5cf.scad, line 62
WARNING: Ignoring unknown variable 'Render_Part' in file 1780698027050_sxu5cf.scad, line 62
Geometries in cache: 1
Geometry cache size in bytes: 0
CGAL Polyhedrons in cache: 0
CGAL cache size in bytes: 0
Total rendering time: 0:00:00.000
Current top level object is empty.

OpenSCAD Execution Error (STL): WARNING: Text_Height was assigned on line 20 of "1780698129670_8ki8kf.scad" but was overwritten in file 1780698129670_8ki8kf.scad, line 38
WARNING: Plate_Height was assigned on line 21 of "1780698129670_8ki8kf.scad" but was overwritten in file 1780698129670_8ki8kf.scad, line 39
WARNING: Border_Size was assigned on line 22 of "1780698129670_8ki8kf.scad" but was overwritten in file 1780698129670_8ki8kf.scad, line 40
WARNING: Hole_Radius was assigned on line 24 of "1780698129670_8ki8kf.scad" but was overwritten in file 1780698129670_8ki8kf.scad, line 43
WARNING: Ring_Offset was assigned on line 25 of "1780698129670_8ki8kf.scad" but was overwritten in file 1780698129670_8ki8kf.scad, line 44
WARNING: Hole_Height_Offset was assigned on line 26 of "1780698129670_8ki8kf.scad" but was overwritten in file 1780698129670_8ki8kf.scad, line 45
WARNING: Spacing_L2 was assigned on line 28 of "1780698129670_8ki8kf.scad" but was overwritten in file 1780698129670_8ki8kf.scad, line 48
WARNING: Spacing_L3 was assigned on line 29 of "1780698129670_8ki8kf.scad" but was overwritten in file 1780698129670_8ki8kf.scad, line 49
WARNING: Offset_L1 was assigned on line 31 of "1780698129670_8ki8kf.scad" but was overwritten in file 1780698129670_8ki8kf.scad, line 52
WARNING: Offset_L2 was assigned on line 32 of "1780698129670_8ki8kf.scad" but was overwritten in file 1780698129670_8ki8kf.scad, line 53
WARNING: Offset_L3 was assigned on line 33 of "1780698129670_8ki8kf.scad" but was overwritten in file 1780698129670_8ki8kf.scad, line 54
WARNING: $fn was assigned on line 35 of "1780698129670_8ki8kf.scad" but was overwritten in file 1780698129670_8ki8kf.scad, line 56
WARNING: Ignoring unknown variable 'Render_Part' in file 1780698129670_8ki8kf.scad, line 59
WARNING: Ignoring unknown variable 'Render_Part' in file 1780698129670_8ki8kf.scad, line 59
WARNING: Ignoring unknown variable 'Render_Part' in file 1780698129670_8ki8kf.scad, line 62
WARNING: Ignoring unknown variable 'Render_Part' in file 1780698129670_8ki8kf.scad, line 62
Geometries in cache: 1
Geometry cache size in bytes: 0
CGAL Polyhedrons in cache: 0
CGAL cache size in bytes: 0
Total rendering time: 0:00:00.001
Current top level object is empty.

OpenSCAD Execution Error (STL): WARNING: Text_Height was assigned on line 20 of "1780698151556_w2ugvz.scad" but was overwritten in file 1780698151556_w2ugvz.scad, line 38
WARNING: Plate_Height was assigned on line 21 of "1780698151556_w2ugvz.scad" but was overwritten in file 1780698151556_w2ugvz.scad, line 39
WARNING: Border_Size was assigned on line 22 of "1780698151556_w2ugvz.scad" but was overwritten in file 1780698151556_w2ugvz.scad, line 40
WARNING: Hole_Radius was assigned on line 24 of "1780698151556_w2ugvz.scad" but was overwritten in file 1780698151556_w2ugvz.scad, line 43
WARNING: Ring_Offset was assigned on line 25 of "1780698151556_w2ugvz.scad" but was overwritten in file 1780698151556_w2ugvz.scad, line 44
WARNING: Hole_Height_Offset was assigned on line 26 of "1780698151556_w2ugvz.scad" but was overwritten in file 1780698151556_w2ugvz.scad, line 45
WARNING: Spacing_L2 was assigned on line 28 of "1780698151556_w2ugvz.scad" but was overwritten in file 1780698151556_w2ugvz.scad, line 48
WARNING: Spacing_L3 was assigned on line 29 of "1780698151556_w2ugvz.scad" but was overwritten in file 1780698151556_w2ugvz.scad, line 49
WARNING: Offset_L1 was assigned on line 31 of "1780698151556_w2ugvz.scad" but was overwritten in file 1780698151556_w2ugvz.scad, line 52
WARNING: Offset_L2 was assigned on line 32 of "1780698151556_w2ugvz.scad" but was overwritten in file 1780698151556_w2ugvz.scad, line 53
WARNING: Offset_L3 was assigned on line 33 of "1780698151556_w2ugvz.scad" but was overwritten in file 1780698151556_w2ugvz.scad, line 54
WARNING: $fn was assigned on line 35 of "1780698151556_w2ugvz.scad" but was overwritten in file 1780698151556_w2ugvz.scad, line 56
WARNING: Ignoring unknown variable 'Render_Part' in file 1780698151556_w2ugvz.scad, line 59
WARNING: Ignoring unknown variable 'Render_Part' in file 1780698151556_w2ugvz.scad, line 59
WARNING: Ignoring unknown variable 'Render_Part' in file 1780698151556_w2ugvz.scad, line 62
WARNING: Ignoring unknown variable 'Render_Part' in file 1780698151556_w2ugvz.scad, line 62
Geometries in cache: 1
Geometry cache size in bytes: 0
CGAL Polyhedrons in cache: 0
CGAL cache size in bytes: 0
Total rendering time: 0:00:00.000
Current top level object is empty.

OpenSCAD Execution Error (STL): WARNING: Text_Height was assigned on line 20 of "1780698183818_pd041p.scad" but was overwritten in file 1780698183818_pd041p.scad, line 38
WARNING: Plate_Height was assigned on line 21 of "1780698183818_pd041p.scad" but was overwritten in file 1780698183818_pd041p.scad, line 39
WARNING: Border_Size was assigned on line 22 of "1780698183818_pd041p.scad" but was overwritten in file 1780698183818_pd041p.scad, line 40
WARNING: Hole_Radius was assigned on line 24 of "1780698183818_pd041p.scad" but was overwritten in file 1780698183818_pd041p.scad, line 43
WARNING: Ring_Offset was assigned on line 25 of "1780698183818_pd041p.scad" but was overwritten in file 1780698183818_pd041p.scad, line 44
WARNING: Hole_Height_Offset was assigned on line 26 of "1780698183818_pd041p.scad" but was overwritten in file 1780698183818_pd041p.scad, line 45
WARNING: Spacing_L2 was assigned on line 28 of "1780698183818_pd041p.scad" but was overwritten in file 1780698183818_pd041p.scad, line 48
WARNING: Spacing_L3 was assigned on line 29 of "1780698183818_pd041p.scad" but was overwritten in file 1780698183818_pd041p.scad, line 49
WARNING: Offset_L1 was assigned on line 31 of "1780698183818_pd041p.scad" but was overwritten in file 1780698183818_pd041p.scad, line 52
WARNING: Offset_L2 was assigned on line 32 of "1780698183818_pd041p.scad" but was overwritten in file 1780698183818_pd041p.scad, line 53
WARNING: Offset_L3 was assigned on line 33 of "1780698183818_pd041p.scad" but was overwritten in file 1780698183818_pd041p.scad, line 54
WARNING: $fn was assigned on line 35 of "1780698183818_pd041p.scad" but was overwritten in file 1780698183818_pd041p.scad, line 56
WARNING: Ignoring unknown variable 'Render_Part' in file 1780698183818_pd041p.scad, line 59
WARNING: Ignoring unknown variable 'Render_Part' in file 1780698183818_pd041p.scad, line 59
WARNING: Ignoring unknown variable 'Render_Part' in file 1780698183818_pd041p.scad, line 62
WARNING: Ignoring unknown variable 'Render_Part' in file 1780698183818_pd041p.scad, line 62
Geometries in cache: 1
Geometry cache size in bytes: 0
CGAL Polyhedrons in cache: 0
CGAL cache size in bytes: 0
Total rendering time: 0:00:00.000
Current top level object is empty.

OpenSCAD Execution Error (STL): WARNING: Text_Height was assigned on line 20 of "1780698195130_mtq54n.scad" but was overwritten in file 1780698195130_mtq54n.scad, line 38
WARNING: Plate_Height was assigned on line 21 of "1780698195130_mtq54n.scad" but was overwritten in file 1780698195130_mtq54n.scad, line 39
WARNING: Border_Size was assigned on line 22 of "1780698195130_mtq54n.scad" but was overwritten in file 1780698195130_mtq54n.scad, line 40
WARNING: Hole_Radius was assigned on line 24 of "1780698195130_mtq54n.scad" but was overwritten in file 1780698195130_mtq54n.scad, line 43
WARNING: Ring_Offset was assigned on line 25 of "1780698195130_mtq54n.scad" but was overwritten in file 1780698195130_mtq54n.scad, line 44
WARNING: Hole_Height_Offset was assigned on line 26 of "1780698195130_mtq54n.scad" but was overwritten in file 1780698195130_mtq54n.scad, line 45
WARNING: Spacing_L2 was assigned on line 28 of "1780698195130_mtq54n.scad" but was overwritten in file 1780698195130_mtq54n.scad, line 48
WARNING: Spacing_L3 was assigned on line 29 of "1780698195130_mtq54n.scad" but was overwritten in file 1780698195130_mtq54n.scad, line 49
WARNING: Offset_L1 was assigned on line 31 of "1780698195130_mtq54n.scad" but was overwritten in file 1780698195130_mtq54n.scad, line 52
WARNING: Offset_L2 was assigned on line 32 of "1780698195130_mtq54n.scad" but was overwritten in file 1780698195130_mtq54n.scad, line 53
WARNING: Offset_L3 was assigned on line 33 of "1780698195130_mtq54n.scad" but was overwritten in file 1780698195130_mtq54n.scad, line 54
WARNING: $fn was assigned on line 35 of "1780698195130_mtq54n.scad" but was overwritten in file 1780698195130_mtq54n.scad, line 56
WARNING: Ignoring unknown variable 'Render_Part' in file 1780698195130_mtq54n.scad, line 59
WARNING: Ignoring unknown variable 'Render_Part' in file 1780698195130_mtq54n.scad, line 59
WARNING: Ignoring unknown variable 'Render_Part' in file 1780698195130_mtq54n.scad, line 62
WARNING: Ignoring unknown variable 'Render_Part' in file 1780698195130_mtq54n.scad, line 62
Geometries in cache: 1
Geometry cache size in bytes: 0
CGAL Polyhedrons in cache: 0
CGAL cache size in bytes: 0
Total rendering time: 0:00:00.000
Current top level object is empty.

OpenSCAD Execution Error (STL): WARNING: Text_Height was assigned on line 20 of "1780698221048_mhvjbr.scad" but was overwritten in file 1780698221048_mhvjbr.scad, line 38
WARNING: Plate_Height was assigned on line 21 of "1780698221048_mhvjbr.scad" but was overwritten in file 1780698221048_mhvjbr.scad, line 39
WARNING: Border_Size was assigned on line 22 of "1780698221048_mhvjbr.scad" but was overwritten in file 1780698221048_mhvjbr.scad, line 40
WARNING: Hole_Radius was assigned on line 24 of "1780698221048_mhvjbr.scad" but was overwritten in file 1780698221048_mhvjbr.scad, line 43
WARNING: Ring_Offset was assigned on line 25 of "1780698221048_mhvjbr.scad" but was overwritten in file 1780698221048_mhvjbr.scad, line 44
WARNING: Hole_Height_Offset was assigned on line 26 of "1780698221048_mhvjbr.scad" but was overwritten in file 1780698221048_mhvjbr.scad, line 45
WARNING: Spacing_L2 was assigned on line 28 of "1780698221048_mhvjbr.scad" but was overwritten in file 1780698221048_mhvjbr.scad, line 48
WARNING: Spacing_L3 was assigned on line 29 of "1780698221048_mhvjbr.scad" but was overwritten in file 1780698221048_mhvjbr.scad, line 49
WARNING: Offset_L1 was assigned on line 31 of "1780698221048_mhvjbr.scad" but was overwritten in file 1780698221048_mhvjbr.scad, line 52
WARNING: Offset_L2 was assigned on line 32 of "1780698221048_mhvjbr.scad" but was overwritten in file 1780698221048_mhvjbr.scad, line 53
WARNING: Offset_L3 was assigned on line 33 of "1780698221048_mhvjbr.scad" but was overwritten in file 1780698221048_mhvjbr.scad, line 54
WARNING: $fn was assigned on line 35 of "1780698221048_mhvjbr.scad" but was overwritten in file 1780698221048_mhvjbr.scad, line 56
WARNING: Ignoring unknown variable 'Render_Part' in file 1780698221048_mhvjbr.scad, line 59
WARNING: Ignoring unknown variable 'Render_Part' in file 1780698221048_mhvjbr.scad, line 59
WARNING: Ignoring unknown variable 'Render_Part' in file 1780698221048_mhvjbr.scad, line 62
WARNING: Ignoring unknown variable 'Render_Part' in file 1780698221048_mhvjbr.scad, line 62
Geometries in cache: 1
Geometry cache size in bytes: 0
CGAL Polyhedrons in cache: 0
CGAL cache size in bytes: 0
Total rendering time: 0:00:00.000
Current top level object is empty.

