
> criador-chaveiros@1.0.0 start
> node server.js

Servidor rodando em http://localhost:3000
Inicializando recursos...
Baixando fonte: BagelFatOne-Regular.ttf...
Fonte BagelFatOne-Regular.ttf baixada.
Baixando fonte: Lobster-Regular.ttf...
Fonte Lobster-Regular.ttf baixada.
Baixando fonte: Pacifico-Regular.ttf...
Fonte Pacifico-Regular.ttf baixada.
Baixando fonte: Bangers-Regular.ttf...
Fonte Bangers-Regular.ttf baixada.
Baixando fonte: Outfit-Bold.ttf...
Erro ao baixar a fonte Outfit-Bold.ttf: Failed to download (Status 404) from https://github.com/google/fonts/raw/main/ofl/outfit/static/Outfit-Bold.ttf
Baixando biblioteca: three.min.js...
Biblioteca three.min.js baixada.
Baixando biblioteca: OrbitControls.js...
Biblioteca OrbitControls.js baixada.
Baixando biblioteca: STLLoader.js...
Biblioteca STLLoader.js baixada.
Recursos prontos.
